<?xml version="1.0" encoding="UTF-8"?>
<Site BuildName="(empty)"
	BuildStamp="20250929-1912-Experimental"
	Name="(empty)"
	Generator="ctest-3.28.1"
	CompilerName=""
	CompilerVersion=""
	OSName="Linux"
	Hostname="mapalo"
	OSRelease="4.15.0-213-generic"
	OSVersion="#224-Ubuntu SMP Mon Jun 19 13:30:12 UTC 2023"
	OSPlatform="x86_64"
	Is64Bits="1"
	VendorString="GenuineIntel"
	VendorID="Intel Corporation"
	FamilyID="6"
	ModelID="158"
	ProcessorCacheSize="9216"
	NumberOfLogicalCPU="12"
	NumberOfPhysicalCPU="6"
	TotalVirtualMemory="22886"
	TotalPhysicalMemory="15880"
	LogicalProcessorsPerPhysical="2"
	ProcessorClockFrequency="3899.98"
	>
	<Testing>
		<StartDateTime>Sep 29 21:12 CEST</StartDateTime>
		<StartTestTime>1759173169</StartTestTime>
		<TestList/>
		<EndDateTime>Sep 29 21:12 CEST</EndDateTime>
		<EndTestTime>1759173169</EndTestTime>
		<ElapsedMinutes>0</ElapsedMinutes>
	</Testing>
</Site>
